2019-06-05T14:49:23+00:00 CRITICAL Maximum execution time of 30 seconds exceeded in E:\xampp\htdocs\wp-includes\theme.php on line 501

2019-06-05T15:06:35+00:00 CRITICAL syntax error, unexpected 'shop_isle_display_customizer_s' (T_STRING) in E:\xampp\htdocs\wp-content\themes\shop-isle\inc\sections\shop_isle_banners_section.php on line 41

2019-06-05T15:07:07+00:00 CRITICAL syntax error, unexpected 'shop_isle_display_customizer_s' (T_STRING) in E:\xampp\htdocs\wp-content\themes\shop-isle\inc\sections\shop_isle_banners_section.php on line 41

2019-06-05T15:45:12+00:00 CRITICAL syntax error, unexpected '$shop_isle_banners_hide' (T_VARIABLE) in E:\xampp\htdocs\wp-content\themes\shop-isle\inc\sections\shop_isle_banners_section.php on line 9

2019-06-05T15:47:46+00:00 CRITICAL syntax error, unexpected 'if' (T_IF) in E:\xampp\htdocs\wp-content\themes\shop-isle\inc\sections\shop_isle_banners_section.php on line 60

2019-06-05T15:48:10+00:00 CRITICAL syntax error, unexpected 'if' (T_IF) in E:\xampp\htdocs\wp-content\themes\shop-isle\inc\sections\shop_isle_banners_section.php on line 60

2019-06-05T15:48:14+00:00 CRITICAL syntax error, unexpected 'if' (T_IF) in E:\xampp\htdocs\wp-content\themes\shop-isle\inc\sections\shop_isle_banners_section.php on line 60

2019-06-05T15:48:19+00:00 CRITICAL syntax error, unexpected 'if' (T_IF) in E:\xampp\htdocs\wp-content\themes\shop-isle\inc\sections\shop_isle_banners_section.php on line 60

2019-06-05T15:48:46+00:00 CRITICAL syntax error, unexpected 'echo' (T_ECHO) in E:\xampp\htdocs\wp-content\themes\shop-isle\inc\sections\shop_isle_banners_section.php on line 64

2019-06-05T15:48:49+00:00 CRITICAL syntax error, unexpected 'echo' (T_ECHO) in E:\xampp\htdocs\wp-content\themes\shop-isle\inc\sections\shop_isle_banners_section.php on line 64

2019-06-05T15:49:29+00:00 CRITICAL syntax error, unexpected 'echo' (T_ECHO) in E:\xampp\htdocs\wp-content\themes\shop-isle\inc\sections\shop_isle_banners_section.php on line 63

2019-06-05T15:49:57+00:00 CRITICAL syntax error, unexpected 'if' (T_IF), expecting ',' or ';' in E:\xampp\htdocs\wp-content\themes\shop-isle\inc\sections\shop_isle_banners_section.php on line 61

2019-06-05T15:50:00+00:00 CRITICAL syntax error, unexpected 'if' (T_IF), expecting ',' or ';' in E:\xampp\htdocs\wp-content\themes\shop-isle\inc\sections\shop_isle_banners_section.php on line 61

2019-06-05T15:50:11+00:00 CRITICAL syntax error, unexpected 'if' (T_IF), expecting ',' or ';' in E:\xampp\htdocs\wp-content\themes\shop-isle\inc\sections\shop_isle_banners_section.php on line 61

2019-06-05T15:50:31+00:00 CRITICAL syntax error, unexpected 'if' (T_IF) in E:\xampp\htdocs\wp-content\themes\shop-isle\inc\sections\shop_isle_banners_section.php on line 60

2019-06-05T15:50:34+00:00 CRITICAL syntax error, unexpected 'if' (T_IF) in E:\xampp\htdocs\wp-content\themes\shop-isle\inc\sections\shop_isle_banners_section.php on line 60

2019-06-05T15:50:44+00:00 CRITICAL syntax error, unexpected 'if' (T_IF) in E:\xampp\htdocs\wp-content\themes\shop-isle\inc\sections\shop_isle_banners_section.php on line 59

2019-06-05T15:51:22+00:00 CRITICAL syntax error, unexpected 'echo' (T_ECHO) in E:\xampp\htdocs\wp-content\themes\shop-isle\inc\sections\shop_isle_banners_section.php on line 40

2019-06-05T15:51:25+00:00 CRITICAL syntax error, unexpected 'echo' (T_ECHO) in E:\xampp\htdocs\wp-content\themes\shop-isle\inc\sections\shop_isle_banners_section.php on line 40

2019-06-05T15:51:35+00:00 CRITICAL syntax error, unexpected 'echo' (T_ECHO) in E:\xampp\htdocs\wp-content\themes\shop-isle\inc\sections\shop_isle_banners_section.php on line 40

2019-06-05T15:52:56+00:00 CRITICAL syntax error, unexpected '$shop_isle_banners_hide' (T_VARIABLE) in E:\xampp\htdocs\wp-content\themes\shop-isle\inc\sections\shop_isle_banners_section.php on line 9

2019-06-05T15:53:10+00:00 CRITICAL syntax error, unexpected ';' in E:\xampp\htdocs\wp-content\themes\shop-isle\inc\sections\shop_isle_banners_section.php on line 8

2019-06-05T15:53:43+00:00 CRITICAL syntax error, unexpected ';' in E:\xampp\htdocs\wp-content\themes\shop-isle\inc\sections\shop_isle_banners_section.php on line 9

2019-06-05T15:54:19+00:00 CRITICAL syntax error, unexpected '$shop_isle_banners_hide' (T_VARIABLE) in E:\xampp\htdocs\wp-content\themes\shop-isle\inc\sections\shop_isle_banners_section.php on line 10

